{"uuid":"cc65ae22-7a95-4e26-944c-f65a782cf885","historyId":"84c1130c77f643933add1562ac47045e","testCaseId":"[engine:junit-vintage]/[runner:alltests.Cashier]/[test:testCashier(alltests.Cashier)]","testCaseName":"testCashier","fullName":"alltests.Cashier.testCashier","labels":[{"name":"junit.platform.uniqueid","value":"[engine:junit-vintage]/[runner:alltests.Cashier]/[test:testCashier(alltests.Cashier)]"},{"name":"host","value":"v-puzko-tmp.local"},{"name":"thread","value":"12783@v-puzko-tmp.local.main(1)"},{"name":"framework","value":"junit-platform"},{"name":"language","value":"java"},{"name":"package","value":"alltests.Cashier"},{"name":"testClass","value":"alltests.Cashier"},{"name":"testMethod","value":"testCashier"},{"name":"suite","value":"alltests.Cashier"}],"links":[],"name":"testCashier","status":"failed","statusDetails":{"known":false,"muted":false,"flaky":false,"message":"Multiple Failures (2 failures)\n\torg.openqa.selenium.remote.UnreachableBrowserException: Error communicating with the remote browser. It may have died.\nBuild info: version: '4.11.0', revision: '040bc5406b'\nSystem info: os.name: 'Mac OS X', os.arch: 'x86_64', os.version: '10.16', java.version: '15.0.2'\nDriver info: org.openqa.selenium.chrome.ChromeDriver\nCommand: [35ba2a58517f0cd26c9f5e57132b2399, addCookie [cookie]]\nCapabilities {acceptInsecureCerts: false, browserName: chrome, browserVersion: 134.0.6998.166, chrome: {chromedriverVersion: 134.0.6998.90 (219ee74681fc..., userDataDir: /var/folders/2k/y2g4jnl53pv...}, fedcm:accounts: true, goog:chromeOptions: {debuggerAddress: localhost:62889}, networkConnectionEnabled: false, pageLoadStrategy: normal, platformName: mac, proxy: Proxy(), se:cdp: ws://localhost:62889/devtoo..., se:cdpVersion: 134.0.6998.166, setWindowRect: true, strictFileInteractability: false, timeouts: {implicit: 0, pageLoad: 300000, script: 30000}, unhandledPromptBehavior: dismiss and notify, webauthn:extension:credBlob: true, webauthn:extension:largeBlob: true, webauthn:extension:minPinLength: true, webauthn:extension:prf: true, webauthn:virtualAuthenticators: true}\nSession ID: 35ba2a58517f0cd26c9f5e57132b2399\n\torg.openqa.selenium.WebDriverException: Timed out waiting for driver server to stop.\nBuild info: version: '4.11.0', revision: '040bc5406b'\nSystem info: os.name: 'Mac OS X', os.arch: 'x86_64', os.version: '10.16', java.version: '15.0.2'\nDriver info: org.openqa.selenium.chrome.ChromeDriver\nCommand: [35ba2a58517f0cd26c9f5e57132b2399, quit {}]\nCapabilities {acceptInsecureCerts: false, browserName: chrome, browserVersion: 134.0.6998.166, chrome: {chromedriverVersion: 134.0.6998.90 (219ee74681fc..., userDataDir: /var/folders/2k/y2g4jnl53pv...}, fedcm:accounts: true, goog:chromeOptions: {debuggerAddress: localhost:62889}, networkConnectionEnabled: false, pageLoadStrategy: normal, platformName: mac, proxy: Proxy(), se:cdp: ws://localhost:62889/devtoo..., se:cdpVersion: 134.0.6998.166, setWindowRect: true, strictFileInteractability: false, timeouts: {implicit: 0, pageLoad: 300000, script: 30000}, unhandledPromptBehavior: dismiss and notify, webauthn:extension:credBlob: true, webauthn:extension:largeBlob: true, webauthn:extension:minPinLength: true, webauthn:extension:prf: true, webauthn:virtualAuthenticators: true}\nSession ID: 35ba2a58517f0cd26c9f5e57132b2399","trace":"org.opentest4j.MultipleFailuresError: Multiple Failures (2 failures)\n\torg.openqa.selenium.remote.UnreachableBrowserException: Error communicating with the remote browser. It may have died.\nBuild info: version: '4.11.0', revision: '040bc5406b'\nSystem info: os.name: 'Mac OS X', os.arch: 'x86_64', os.version: '10.16', java.version: '15.0.2'\nDriver info: org.openqa.selenium.chrome.ChromeDriver\nCommand: [35ba2a58517f0cd26c9f5e57132b2399, addCookie [cookie]]\nCapabilities {acceptInsecureCerts: false, browserName: chrome, browserVersion: 134.0.6998.166, chrome: {chromedriverVersion: 134.0.6998.90 (219ee74681fc..., userDataDir: /var/folders/2k/y2g4jnl53pv...}, fedcm:accounts: true, goog:chromeOptions: {debuggerAddress: localhost:62889}, networkConnectionEnabled: false, pageLoadStrategy: normal, platformName: mac, proxy: Proxy(), se:cdp: ws://localhost:62889/devtoo..., se:cdpVersion: 134.0.6998.166, setWindowRect: true, strictFileInteractability: false, timeouts: {implicit: 0, pageLoad: 300000, script: 30000}, unhandledPromptBehavior: dismiss and notify, webauthn:extension:credBlob: true, webauthn:extension:largeBlob: true, webauthn:extension:minPinLength: true, webauthn:extension:prf: true, webauthn:virtualAuthenticators: true}\nSession ID: 35ba2a58517f0cd26c9f5e57132b2399\n\torg.openqa.selenium.WebDriverException: Timed out waiting for driver server to stop.\nBuild info: version: '4.11.0', revision: '040bc5406b'\nSystem info: os.name: 'Mac OS X', os.arch: 'x86_64', os.version: '10.16', java.version: '15.0.2'\nDriver info: org.openqa.selenium.chrome.ChromeDriver\nCommand: [35ba2a58517f0cd26c9f5e57132b2399, quit {}]\nCapabilities {acceptInsecureCerts: false, browserName: chrome, browserVersion: 134.0.6998.166, chrome: {chromedriverVersion: 134.0.6998.90 (219ee74681fc..., userDataDir: /var/folders/2k/y2g4jnl53pv...}, fedcm:accounts: true, goog:chromeOptions: {debuggerAddress: localhost:62889}, networkConnectionEnabled: false, pageLoadStrategy: normal, platformName: mac, proxy: Proxy(), se:cdp: ws://localhost:62889/devtoo..., se:cdpVersion: 134.0.6998.166, setWindowRect: true, strictFileInteractability: false, timeouts: {implicit: 0, pageLoad: 300000, script: 30000}, unhandledPromptBehavior: dismiss and notify, webauthn:extension:credBlob: true, webauthn:extension:largeBlob: true, webauthn:extension:minPinLength: true, webauthn:extension:prf: true, webauthn:virtualAuthenticators: true}\nSession ID: 35ba2a58517f0cd26c9f5e57132b2399\n\tat org.junit.vintage.engine.execution.TestRun.getStoredResultOrSuccessful(TestRun.java:196)\n\tat org.junit.vintage.engine.execution.RunListenerAdapter.fireExecutionFinished(RunListenerAdapter.java:226)\n\tat org.junit.vintage.engine.execution.RunListenerAdapter.testFinished(RunListenerAdapter.java:192)\n\tat org.junit.vintage.engine.execution.RunListenerAdapter.testFinished(RunListenerAdapter.java:79)\n\tat org.junit.runner.notification.SynchronizedRunListener.testFinished(SynchronizedRunListener.java:87)\n\tat org.junit.runner.notification.RunNotifier$9.notifyListener(RunNotifier.java:225)\n\tat org.junit.runner.notification.RunNotifier$SafeNotifier.run(RunNotifier.java:72)\n\tat org.junit.runner.notification.RunNotifier.fireTestFinished(RunNotifier.java:222)\n\tat org.junit.internal.runners.model.EachTestNotifier.fireTestFinished(EachTestNotifier.java:38)\n\tat org.junit.runners.ParentRunner.runLeaf(ParentRunner.java:372)\n\tat org.junit.runners.BlockJUnit4ClassRunner.runChild(BlockJUnit4ClassRunner.java:103)\n\tat org.junit.runners.BlockJUnit4ClassRunner.runChild(BlockJUnit4ClassRunner.java:63)\n\tat org.junit.runners.ParentRunner$4.run(ParentRunner.java:331)\n\tat org.junit.runners.ParentRunner$1.schedule(ParentRunner.java:79)\n\tat org.junit.runners.ParentRunner.runChildren(ParentRunner.java:329)\n\tat org.junit.runners.ParentRunner.access$100(ParentRunner.java:66)\n\tat org.junit.runners.ParentRunner$2.evaluate(ParentRunner.java:293)\n\tat org.junit.runners.ParentRunner$3.evaluate(ParentRunner.java:306)\n\tat org.junit.runners.ParentRunner.run(ParentRunner.java:413)\n\tat org.junit.runner.JUnitCore.run(JUnitCore.java:137)\n\tat org.junit.runner.JUnitCore.run(JUnitCore.java:115)\n\tat org.junit.vintage.engine.execution.RunnerExecutor.execute(RunnerExecutor.java:42)\n\tat org.junit.vintage.engine.VintageTestEngine.executeAllChildren(VintageTestEngine.java:80)\n\tat org.junit.vintage.engine.VintageTestEngine.execute(VintageTestEngine.java:72)\n\tat org.junit.platform.launcher.core.EngineExecutionOrchestrator.execute(EngineExecutionOrchestrator.java:107)\n\tat org.junit.platform.launcher.core.EngineExecutionOrchestrator.execute(EngineExecutionOrchestrator.java:88)\n\tat org.junit.platform.launcher.core.EngineExecutionOrchestrator.lambda$execute$0(EngineExecutionOrchestrator.java:54)\n\tat org.junit.platform.launcher.core.EngineExecutionOrchestrator.withInterceptedStreams(EngineExecutionOrchestrator.java:67)\n\tat org.junit.platform.launcher.core.EngineExecutionOrchestrator.execute(EngineExecutionOrchestrator.java:52)\n\tat org.junit.platform.launcher.core.DefaultLauncher.execute(DefaultLauncher.java:114)\n\tat org.junit.platform.launcher.core.DefaultLauncher.execute(DefaultLauncher.java:86)\n\tat org.junit.platform.launcher.core.DefaultLauncherSession$DelegatingLauncher.execute(DefaultLauncherSession.java:86)\n\tat org.junit.platform.launcher.core.SessionPerRequestLauncher.execute(SessionPerRequestLauncher.java:53)\n\tat com.intellij.junit5.JUnit5IdeaTestRunner.startRunnerWithArgs(JUnit5IdeaTestRunner.java:71)\n\tat com.intellij.rt.junit.IdeaTestRunner$Repeater$1.execute(IdeaTestRunner.java:38)\n\tat com.intellij.rt.execution.junit.TestsRepeater.repeat(TestsRepeater.java:11)\n\tat com.intellij.rt.junit.IdeaTestRunner$Repeater.startRunnerWithArgs(IdeaTestRunner.java:35)\n\tat com.intellij.rt.junit.JUnitStarter.prepareStreamsAndStart(JUnitStarter.java:235)\n\tat com.intellij.rt.junit.JUnitStarter.main(JUnitStarter.java:54)\n\tSuppressed: org.openqa.selenium.remote.UnreachableBrowserException: Error communicating with the remote browser. It may have died.\nBuild info: version: '4.11.0', revision: '040bc5406b'\nSystem info: os.name: 'Mac OS X', os.arch: 'x86_64', os.version: '10.16', java.version: '15.0.2'\nDriver info: org.openqa.selenium.chrome.ChromeDriver\nCommand: [35ba2a58517f0cd26c9f5e57132b2399, addCookie [cookie]]\nCapabilities {acceptInsecureCerts: false, browserName: chrome, browserVersion: 134.0.6998.166, chrome: {chromedriverVersion: 134.0.6998.90 (219ee74681fc..., userDataDir: /var/folders/2k/y2g4jnl53pv...}, fedcm:accounts: true, goog:chromeOptions: {debuggerAddress: localhost:62889}, networkConnectionEnabled: false, pageLoadStrategy: normal, platformName: mac, proxy: Proxy(), se:cdp: ws://localhost:62889/devtoo..., se:cdpVersion: 134.0.6998.166, setWindowRect: true, strictFileInteractability: false, timeouts: {implicit: 0, pageLoad: 300000, script: 30000}, unhandledPromptBehavior: dismiss and notify, webauthn:extension:credBlob: true, webauthn:extension:largeBlob: true, webauthn:extension:minPinLength: true, webauthn:extension:prf: true, webauthn:virtualAuthenticators: true}\nSession ID: 35ba2a58517f0cd26c9f5e57132b2399\n\t\tat org.openqa.selenium.remote.RemoteWebDriver.execute(RemoteWebDriver.java:545)\n\t\tat org.openqa.selenium.remote.RemoteWebDriver$RemoteWebDriverOptions.addCookie(RemoteWebDriver.java:785)\n\t\tat alltests.Cashier.testCashier(Cashier.java:32)\n\t\tat java.base/jdk.internal.reflect.NativeMethodAccessorImpl.invoke0(Native Method)\n\t\tat java.base/jdk.internal.reflect.NativeMethodAccessorImpl.invoke(NativeMethodAccessorImpl.java:64)\n\t\tat java.base/jdk.internal.reflect.DelegatingMethodAccessorImpl.invoke(DelegatingMethodAccessorImpl.java:43)\n\t\tat java.base/java.lang.reflect.Method.invoke(Method.java:564)\n\t\tat org.junit.runners.model.FrameworkMethod$1.runReflectiveCall(FrameworkMethod.java:59)\n\t\tat org.junit.internal.runners.model.ReflectiveCallable.run(ReflectiveCallable.java:12)\n\t\tat org.junit.runners.model.FrameworkMethod.invokeExplosively(FrameworkMethod.java:56)\n\t\tat org.junit.internal.runners.statements.InvokeMethod.evaluate(InvokeMethod.java:17)\n\t\tat org.junit.internal.runners.statements.RunBefores.evaluate(RunBefores.java:26)\n\t\tat org.junit.internal.runners.statements.RunAfters.evaluate(RunAfters.java:27)\n\t\tat org.junit.runners.ParentRunner$3.evaluate(ParentRunner.java:306)\n\t\tat org.junit.runners.BlockJUnit4ClassRunner$1.evaluate(BlockJUnit4ClassRunner.java:100)\n\t\tat org.junit.runners.ParentRunner.runLeaf(ParentRunner.java:366)\n\t\t... 29 more\n\tCaused by: java.io.UncheckedIOException: org.asynchttpclient.exception.RemotelyClosedException: Remotely closed\n\t\tat org.openqa.selenium.remote.http.netty.NettyHttpHandler.makeCall(NettyHttpHandler.java:73)\n\t\tat org.openqa.selenium.remote.http.AddSeleniumUserAgent.lambda$apply$0(AddSeleniumUserAgent.java:42)\n\t\tat org.openqa.selenium.remote.http.Filter.lambda$andFinally$1(Filter.java:55)\n\t\tat org.openqa.selenium.remote.http.netty.NettyHttpHandler.execute(NettyHttpHandler.java:48)\n\t\tat org.openqa.selenium.remote.http.netty.NettyClient.execute(NettyClient.java:96)\n\t\tat org.openqa.selenium.remote.HttpCommandExecutor.execute(HttpCommandExecutor.java:188)\n\t\tat org.openqa.selenium.remote.service.DriverCommandExecutor.invokeExecute(DriverCommandExecutor.java:196)\n\t\tat org.openqa.selenium.remote.service.DriverCommandExecutor.execute(DriverCommandExecutor.java:171)\n\t\tat org.openqa.selenium.remote.RemoteWebDriver.execute(RemoteWebDriver.java:518)\n\t\t... 44 more\n\tCaused by: org.asynchttpclient.exception.RemotelyClosedException: Remotely closed\n\t\tat org.asynchttpclient.exception.RemotelyClosedException.INSTANCE(Unknown Source)\n\tSuppressed: org.openqa.selenium.WebDriverException: Timed out waiting for driver server to stop.\nBuild info: version: '4.11.0', revision: '040bc5406b'\nSystem info: os.name: 'Mac OS X', os.arch: 'x86_64', os.version: '10.16', java.version: '15.0.2'\nDriver info: org.openqa.selenium.chrome.ChromeDriver\nCommand: [35ba2a58517f0cd26c9f5e57132b2399, quit {}]\nCapabilities {acceptInsecureCerts: false, browserName: chrome, browserVersion: 134.0.6998.166, chrome: {chromedriverVersion: 134.0.6998.90 (219ee74681fc..., userDataDir: /var/folders/2k/y2g4jnl53pv...}, fedcm:accounts: true, goog:chromeOptions: {debuggerAddress: localhost:62889}, networkConnectionEnabled: false, pageLoadStrategy: normal, platformName: mac, proxy: Proxy(), se:cdp: ws://localhost:62889/devtoo..., se:cdpVersion: 134.0.6998.166, setWindowRect: true, strictFileInteractability: false, timeouts: {implicit: 0, pageLoad: 300000, script: 30000}, unhandledPromptBehavior: dismiss and notify, webauthn:extension:credBlob: true, webauthn:extension:largeBlob: true, webauthn:extension:minPinLength: true, webauthn:extension:prf: true, webauthn:virtualAuthenticators: true}\nSession ID: 35ba2a58517f0cd26c9f5e57132b2399\n\t\tat org.openqa.selenium.remote.service.DriverCommandExecutor.execute(DriverCommandExecutor.java:161)\n\t\tat org.openqa.selenium.remote.RemoteWebDriver.execute(RemoteWebDriver.java:518)\n\t\tat org.openqa.selenium.remote.RemoteWebDriver.execute(RemoteWebDriver.java:591)\n\t\tat org.openqa.selenium.remote.RemoteWebDriver.execute(RemoteWebDriver.java:595)\n\t\tat org.openqa.selenium.remote.RemoteWebDriver.quit(RemoteWebDriver.java:433)\n\t\tat org.openqa.selenium.chromium.ChromiumDriver.quit(ChromiumDriver.java:351)\n\t\tat alltests.Cashier.stop(Cashier.java:54)\n\t\tat java.base/jdk.internal.reflect.NativeMethodAccessorImpl.invoke0(Native Method)\n\t\tat java.base/jdk.internal.reflect.NativeMethodAccessorImpl.invoke(NativeMethodAccessorImpl.java:64)\n\t\tat java.base/jdk.internal.reflect.DelegatingMethodAccessorImpl.invoke(DelegatingMethodAccessorImpl.java:43)\n\t\tat java.base/java.lang.reflect.Method.invoke(Method.java:564)\n\t\tat org.junit.runners.model.FrameworkMethod$1.runReflectiveCall(FrameworkMethod.java:59)\n\t\tat org.junit.internal.runners.model.ReflectiveCallable.run(ReflectiveCallable.java:12)\n\t\tat org.junit.runners.model.FrameworkMethod.invokeExplosively(FrameworkMethod.java:56)\n\t\tat org.junit.internal.runners.statements.RunAfters.invokeMethod(RunAfters.java:46)\n\t\tat org.junit.internal.runners.statements.RunAfters.evaluate(RunAfters.java:33)\n\t\tat org.junit.runners.ParentRunner$3.evaluate(ParentRunner.java:306)\n\t\tat org.junit.runners.BlockJUnit4ClassRunner$1.evaluate(BlockJUnit4ClassRunner.java:100)\n\t\tat org.junit.runners.ParentRunner.runLeaf(ParentRunner.java:366)\n\t\t... 29 more\n\tCaused by: java.util.concurrent.ExecutionException: org.openqa.selenium.WebDriverException: The driver server has unexpectedly died!\nBuild info: version: '4.11.0', revision: '040bc5406b'\nSystem info: os.name: 'Mac OS X', os.arch: 'x86_64', os.version: '10.16', java.version: '15.0.2'\nDriver info: driver.version: unknown\n\t\tat java.base/java.util.concurrent.CompletableFuture.reportGet(CompletableFuture.java:395)\n\t\tat java.base/java.util.concurrent.CompletableFuture.get(CompletableFuture.java:2086)\n\t\tat org.openqa.selenium.remote.service.DriverCommandExecutor.execute(DriverCommandExecutor.java:157)\n\t\t... 47 more\n\tCaused by: org.openqa.selenium.WebDriverException: The driver server has unexpectedly died!\nBuild info: version: '4.11.0', revision: '040bc5406b'\nSystem info: os.name: 'Mac OS X', os.arch: 'x86_64', os.version: '10.16', java.version: '15.0.2'\nDriver info: driver.version: unknown\n\t\tat org.openqa.selenium.remote.service.DriverCommandExecutor.lambda$execute$1(DriverCommandExecutor.java:137)\n\t\tat java.base/java.util.concurrent.CompletableFuture$AsyncSupply.run(CompletableFuture.java:1764)\n\t\tat java.base/java.util.concurrent.ThreadPoolExecutor.runWorker(ThreadPoolExecutor.java:1130)\n\t\tat java.base/java.util.concurrent.ThreadPoolExecutor$Worker.run(ThreadPoolExecutor.java:630)\n\t\tat java.base/java.lang.Thread.run(Thread.java:832)\n\tCaused by: java.io.UncheckedIOException: java.net.ConnectException: Connection refused: localhost/[0:0:0:0:0:0:0:1]:5749\n\t\tat org.openqa.selenium.remote.http.netty.NettyHttpHandler.makeCall(NettyHttpHandler.java:73)\n\t\tat org.openqa.selenium.remote.http.AddSeleniumUserAgent.lambda$apply$0(AddSeleniumUserAgent.java:42)\n\t\tat org.openqa.selenium.remote.http.Filter.lambda$andFinally$1(Filter.java:55)\n\t\tat org.openqa.selenium.remote.http.netty.NettyHttpHandler.execute(NettyHttpHandler.java:48)\n\t\tat org.openqa.selenium.remote.http.netty.NettyClient.execute(NettyClient.java:96)\n\t\tat org.openqa.selenium.remote.HttpCommandExecutor.execute(HttpCommandExecutor.java:188)\n\t\tat org.openqa.selenium.remote.service.DriverCommandExecutor.invokeExecute(DriverCommandExecutor.java:196)\n\t\tat org.openqa.selenium.remote.service.DriverCommandExecutor.lambda$execute$1(DriverCommandExecutor.java:128)\n\t\t... 4 more\n\tCaused by: java.net.ConnectException: Connection refused: localhost/[0:0:0:0:0:0:0:1]:5749\n\t\tat org.asynchttpclient.netty.channel.NettyConnectListener.onFailure(NettyConnectListener.java:179)\n\t\tat org.asynchttpclient.netty.channel.NettyChannelConnector$1.onFailure(NettyChannelConnector.java:108)\n\t\tat org.asynchttpclient.netty.SimpleChannelFutureListener.operationComplete(SimpleChannelFutureListener.java:28)\n\t\tat org.asynchttpclient.netty.SimpleChannelFutureListener.operationComplete(SimpleChannelFutureListener.java:20)\n\t\tat io.netty.util.concurrent.DefaultPromise.notifyListener0(DefaultPromise.java:590)\n\t\tat io.netty.util.concurrent.DefaultPromise.notifyListeners0(DefaultPromise.java:583)\n\t\tat io.netty.util.concurrent.DefaultPromise.notifyListenersNow(DefaultPromise.java:559)\n\t\tat io.netty.util.concurrent.DefaultPromise.notifyListeners(DefaultPromise.java:492)\n\t\tat io.netty.util.concurrent.DefaultPromise.setValue0(DefaultPromise.java:636)\n\t\tat io.netty.util.concurrent.DefaultPromise.setFailure0(DefaultPromise.java:629)\n\t\tat io.netty.util.concurrent.DefaultPromise.tryFailure(DefaultPromise.java:118)\n\t\tat io.netty.channel.nio.AbstractNioChannel$AbstractNioUnsafe.fulfillConnectPromise(AbstractNioChannel.java:321)\n\t\tat io.netty.channel.nio.AbstractNioChannel$AbstractNioUnsafe.finishConnect(AbstractNioChannel.java:337)\n\t\tat io.netty.channel.nio.NioEventLoop.processSelectedKey(NioEventLoop.java:776)\n\t\tat io.netty.channel.nio.NioEventLoop.processSelectedKeysOptimized(NioEventLoop.java:724)\n\t\tat io.netty.channel.nio.NioEventLoop.processSelectedKeys(NioEventLoop.java:650)\n\t\tat io.netty.channel.nio.NioEventLoop.run(NioEventLoop.java:562)\n\t\tat io.netty.util.concurrent.SingleThreadEventExecutor$4.run(SingleThreadEventExecutor.java:997)\n\t\tat io.netty.util.internal.ThreadExecutorMap$2.run(ThreadExecutorMap.java:74)\n\t\tat io.netty.util.concurrent.FastThreadLocalRunnable.run(FastThreadLocalRunnable.java:30)\n\t\t... 1 more\n\tCaused by: io.netty.channel.AbstractChannel$AnnotatedConnectException: Connection refused: localhost/[0:0:0:0:0:0:0:1]:5749\n\tCaused by: java.net.ConnectException: Connection refused\n\t\tat java.base/sun.nio.ch.Net.pollConnect(Native Method)\n\t\tat java.base/sun.nio.ch.Net.pollConnectNow(Net.java:660)\n\t\tat java.base/sun.nio.ch.SocketChannelImpl.finishConnect(SocketChannelImpl.java:875)\n\t\tat io.netty.channel.socket.nio.NioSocketChannel.doFinishConnect(NioSocketChannel.java:337)\n\t\tat io.netty.channel.nio.AbstractNioChannel$AbstractNioUnsafe.finishConnect(AbstractNioChannel.java:334)\n\t\tat io.netty.channel.nio.NioEventLoop.processSelectedKey(NioEventLoop.java:776)\n\t\tat io.netty.channel.nio.NioEventLoop.processSelectedKeysOptimized(NioEventLoop.java:724)\n\t\tat io.netty.channel.nio.NioEventLoop.processSelectedKeys(NioEventLoop.java:650)\n\t\tat io.netty.channel.nio.NioEventLoop.run(NioEventLoop.java:562)\n\t\tat io.netty.util.concurrent.SingleThreadEventExecutor$4.run(SingleThreadEventExecutor.java:997)\n\t\tat io.netty.util.internal.ThreadExecutorMap$2.run(ThreadExecutorMap.java:74)\n\t\tat io.netty.util.concurrent.FastThreadLocalRunnable.run(FastThreadLocalRunnable.java:30)\n\t\tat java.base/java.lang.Thread.run(Thread.java:832)\n"},"stage":"finished","description":"","steps":[],"attachments":[],"parameters":[],"start":1743083638273,"stop":1743083646671}